<?xml version="1.0" encoding="UTF-8"?>
<!-- Generated by org.testng.reporters.JUnitXMLReporter -->
<testsuite hostname="DESKTOP-6QJ44UQ" ignored="0" name="Default test" tests="12" failures="0" timestamp="2022-06-06T15:52:09 IST" time="16.089" errors="0">
  <testcase name="verifyTitle" time="0.038" classname="com.jbk.test.LoginTest"/>
  <testcase name="verifySignInClickable" time="0.551" classname="com.jbk.test.LoginTest"/>
  <testcase name="verifyBlankCredentials" time="0.541" classname="com.jbk.test.LoginTest"/>
  <testcase name="VerifySpecialCharacter" time="0.677" classname="com.jbk.test.LoginTest"/>
  <testcase name="verifyNewMemberRegistration" time="0.41" classname="com.jbk.test.LoginTest"/>
  <testcase name="verifyAlreadyMember" time="0.59" classname="com.jbk.test.LoginTest"/>
  <testcase name="verifyCorrectCredentials" time="1.228" classname="com.jbk.test.LoginTest"/>
  <testcase name="verifyNavigationUser" time="0.598" classname="com.jbk.test.LoginTest"/>
  <testcase name="verifyNavigationOperators" time="0.498" classname="com.jbk.test.LoginTest"/>
  <testcase name="vefrifyNavigationUsefulLinks" time="0.435" classname="com.jbk.test.LoginTest"/>
  <testcase name="checkNavigationDownLoad" time="0.738" classname="com.jbk.test.LoginTest"/>
  <testcase name="checkNavigationLogout" time="0.437" classname="com.jbk.test.LoginTest"/>
</testsuite> <!-- Default test -->
